<?xml version="1.0" encoding="UTF-8"?>
<!-- Generated by org.testng.reporters.JUnitReportReporter -->
<testsuite hostname="LAPTOP-KE2SNMD2" failures="0" tests="1" name="testCases.TC_001account_reg_page" time="6.261" errors="0" timestamp="2025-02-02T19:53:51 IST" skipped="0">
  <testcase classname="testCases.TC_001account_reg_page" name="account_regirstationpage" time="6.261"/>
</testsuite> <!-- testCases.TC_001account_reg_page -->
