<?xml version="1.0" encoding="UTF-8"?>
<!-- Generated by org.testng.reporters.JUnitReportReporter -->
<testsuite hostname="LAPTOP-KE2SNMD2" failures="0" tests="1" name="testCases.TC002_LoginTest" time="2.838" errors="0" timestamp="2025-02-02T20:21:17 IST" skipped="0">
  <testcase classname="testCases.TC002_LoginTest" name="LoginVerify" time="2.838"/>
</testsuite> <!-- testCases.TC002_LoginTest -->
